  rec.c
d:\desenvolvimento\visual studio projects\árvore b\candidatosvestibular\rec.c(8): warning C4996: 'strcpy': This function or variable may be unsafe. Consider using strcpy_s instead. To disable deprecation, use _CRT_SECURE_NO_WARNINGS. See online help for details.
  c:\program files (x86)\windows kits\10\include\10.0.15063.0\ucrt\string.h(136): note: consulte a declaração de 'strcpy'
d:\desenvolvimento\visual studio projects\árvore b\candidatosvestibular\rec.c(9): warning C4996: 'strcpy': This function or variable may be unsafe. Consider using strcpy_s instead. To disable deprecation, use _CRT_SECURE_NO_WARNINGS. See online help for details.
  c:\program files (x86)\windows kits\10\include\10.0.15063.0\ucrt\string.h(136): note: consulte a declaração de 'strcpy'
d:\desenvolvimento\visual studio projects\árvore b\candidatosvestibular\rec.c(32): warning C4996: 'strcpy': This function or variable may be unsafe. Consider using strcpy_s instead. To disable deprecation, use _CRT_SECURE_NO_WARNINGS. See online help for details.
  c:\program files (x86)\windows kits\10\include\10.0.15063.0\ucrt\string.h(136): note: consulte a declaração de 'strcpy'
d:\desenvolvimento\visual studio projects\árvore b\candidatosvestibular\rec.c(33): warning C4996: 'strcpy': This function or variable may be unsafe. Consider using strcpy_s instead. To disable deprecation, use _CRT_SECURE_NO_WARNINGS. See online help for details.
  c:\program files (x86)\windows kits\10\include\10.0.15063.0\ucrt\string.h(136): note: consulte a declaração de 'strcpy'
d:\desenvolvimento\visual studio projects\árvore b\candidatosvestibular\rec.c(39): warning C4013: 'printf' indefinido; assumindo extern retornando int
  main.c
d:\desenvolvimento\visual studio projects\árvore b\candidatosvestibular\main.c(15): warning C4013: 'system' indefinido; assumindo extern retornando int
d:\desenvolvimento\visual studio projects\árvore b\candidatosvestibular\main.c(66): warning C4013: 'gets' indefinido; assumindo extern retornando int
d:\desenvolvimento\visual studio projects\árvore b\candidatosvestibular\main.c(26): warning C4996: 'scanf': This function or variable may be unsafe. Consider using scanf_s instead. To disable deprecation, use _CRT_SECURE_NO_WARNINGS. See online help for details.
  c:\program files (x86)\windows kits\10\include\10.0.15063.0\ucrt\stdio.h(1272): note: consulte a declaração de 'scanf'
d:\desenvolvimento\visual studio projects\árvore b\candidatosvestibular\main.c(33): warning C4996: 'scanf': This function or variable may be unsafe. Consider using scanf_s instead. To disable deprecation, use _CRT_SECURE_NO_WARNINGS. See online help for details.
  c:\program files (x86)\windows kits\10\include\10.0.15063.0\ucrt\stdio.h(1272): note: consulte a declaração de 'scanf'
d:\desenvolvimento\visual studio projects\árvore b\candidatosvestibular\main.c(35): warning C4996: 'sprintf': This function or variable may be unsafe. Consider using sprintf_s instead. To disable deprecation, use _CRT_SECURE_NO_WARNINGS. See online help for details.
  c:\program files (x86)\windows kits\10\include\10.0.15063.0\ucrt\stdio.h(1772): note: consulte a declaração de 'sprintf'
d:\desenvolvimento\visual studio projects\árvore b\candidatosvestibular\main.c(36): warning C4996: 'fopen': This function or variable may be unsafe. Consider using fopen_s instead. To disable deprecation, use _CRT_SECURE_NO_WARNINGS. See online help for details.
  c:\program files (x86)\windows kits\10\include\10.0.15063.0\ucrt\stdio.h(207): note: consulte a declaração de 'fopen'
d:\desenvolvimento\visual studio projects\árvore b\candidatosvestibular\main.c(39): warning C4996: 'strcpy': This function or variable may be unsafe. Consider using strcpy_s instead. To disable deprecation, use _CRT_SECURE_NO_WARNINGS. See online help for details.
  c:\program files (x86)\windows kits\10\include\10.0.15063.0\ucrt\string.h(136): note: consulte a declaração de 'strcpy'
d:\desenvolvimento\visual studio projects\árvore b\candidatosvestibular\main.c(47): warning C4996: 'scanf': This function or variable may be unsafe. Consider using scanf_s instead. To disable deprecation, use _CRT_SECURE_NO_WARNINGS. See online help for details.
  c:\program files (x86)\windows kits\10\include\10.0.15063.0\ucrt\stdio.h(1272): note: consulte a declaração de 'scanf'
d:\desenvolvimento\visual studio projects\árvore b\candidatosvestibular\main.c(48): warning C4996: 'scanf': This function or variable may be unsafe. Consider using scanf_s instead. To disable deprecation, use _CRT_SECURE_NO_WARNINGS. See online help for details.
  c:\program files (x86)\windows kits\10\include\10.0.15063.0\ucrt\stdio.h(1272): note: consulte a declaração de 'scanf'
d:\desenvolvimento\visual studio projects\árvore b\candidatosvestibular\main.c(62): warning C4996: 'scanf': This function or variable may be unsafe. Consider using scanf_s instead. To disable deprecation, use _CRT_SECURE_NO_WARNINGS. See online help for details.
  c:\program files (x86)\windows kits\10\include\10.0.15063.0\ucrt\stdio.h(1272): note: consulte a declaração de 'scanf'
d:\desenvolvimento\visual studio projects\árvore b\candidatosvestibular\main.c(68): warning C4996: 'scanf': This function or variable may be unsafe. Consider using scanf_s instead. To disable deprecation, use _CRT_SECURE_NO_WARNINGS. See online help for details.
  c:\program files (x86)\windows kits\10\include\10.0.15063.0\ucrt\stdio.h(1272): note: consulte a declaração de 'scanf'
d:\desenvolvimento\visual studio projects\árvore b\candidatosvestibular\main.c(80): warning C4996: 'scanf': This function or variable may be unsafe. Consider using scanf_s instead. To disable deprecation, use _CRT_SECURE_NO_WARNINGS. See online help for details.
  c:\program files (x86)\windows kits\10\include\10.0.15063.0\ucrt\stdio.h(1272): note: consulte a declaração de 'scanf'
d:\desenvolvimento\visual studio projects\árvore b\candidatosvestibular\main.c(93): warning C4996: 'scanf': This function or variable may be unsafe. Consider using scanf_s instead. To disable deprecation, use _CRT_SECURE_NO_WARNINGS. See online help for details.
  c:\program files (x86)\windows kits\10\include\10.0.15063.0\ucrt\stdio.h(1272): note: consulte a declaração de 'scanf'
  frec.c
d:\desenvolvimento\visual studio projects\árvore b\candidatosvestibular\frec.c(22): warning C4996: 'fopen': This function or variable may be unsafe. Consider using fopen_s instead. To disable deprecation, use _CRT_SECURE_NO_WARNINGS. See online help for details.
  c:\program files (x86)\windows kits\10\include\10.0.15063.0\ucrt\stdio.h(207): note: consulte a declaração de 'fopen'
d:\desenvolvimento\visual studio projects\árvore b\candidatosvestibular\frec.c(33): warning C4996: 'sprintf': This function or variable may be unsafe. Consider using sprintf_s instead. To disable deprecation, use _CRT_SECURE_NO_WARNINGS. See online help for details.
  c:\program files (x86)\windows kits\10\include\10.0.15063.0\ucrt\stdio.h(1772): note: consulte a declaração de 'sprintf'
d:\desenvolvimento\visual studio projects\árvore b\candidatosvestibular\frec.c(35): warning C4996: 'fopen': This function or variable may be unsafe. Consider using fopen_s instead. To disable deprecation, use _CRT_SECURE_NO_WARNINGS. See online help for details.
  c:\program files (x86)\windows kits\10\include\10.0.15063.0\ucrt\stdio.h(207): note: consulte a declaração de 'fopen'
d:\desenvolvimento\visual studio projects\árvore b\candidatosvestibular\frec.c(67): warning C4033: 'frec_search' deve retornar um valor
d:\desenvolvimento\visual studio projects\árvore b\candidatosvestibular\frec.c(71): warning C4013: 'header_size' indefinido; assumindo extern retornando int
d:\desenvolvimento\visual studio projects\árvore b\candidatosvestibular\frec.c(63): warning C4996: 'sprintf': This function or variable may be unsafe. Consider using sprintf_s instead. To disable deprecation, use _CRT_SECURE_NO_WARNINGS. See online help for details.
  c:\program files (x86)\windows kits\10\include\10.0.15063.0\ucrt\stdio.h(1772): note: consulte a declaração de 'sprintf'
d:\desenvolvimento\visual studio projects\árvore b\candidatosvestibular\frec.c(65): warning C4996: 'fopen': This function or variable may be unsafe. Consider using fopen_s instead. To disable deprecation, use _CRT_SECURE_NO_WARNINGS. See online help for details.
  c:\program files (x86)\windows kits\10\include\10.0.15063.0\ucrt\stdio.h(207): note: consulte a declaração de 'fopen'
d:\desenvolvimento\visual studio projects\árvore b\candidatosvestibular\frec.c(81): warning C4267: 'inicializando': conversão de 'size_t' para 'int', possível perda de dados
d:\desenvolvimento\visual studio projects\árvore b\candidatosvestibular\frec.c(91): warning C4996: 'strcpy': This function or variable may be unsafe. Consider using strcpy_s instead. To disable deprecation, use _CRT_SECURE_NO_WARNINGS. See online help for details.
  c:\program files (x86)\windows kits\10\include\10.0.15063.0\ucrt\string.h(136): note: consulte a declaração de 'strcpy'
d:\desenvolvimento\visual studio projects\árvore b\candidatosvestibular\frec.c(96): warning C4996: 'strcpy': This function or variable may be unsafe. Consider using strcpy_s instead. To disable deprecation, use _CRT_SECURE_NO_WARNINGS. See online help for details.
  c:\program files (x86)\windows kits\10\include\10.0.15063.0\ucrt\string.h(136): note: consulte a declaração de 'strcpy'
d:\desenvolvimento\visual studio projects\árvore b\candidatosvestibular\frec.c(111): warning C4996: 'strcpy': This function or variable may be unsafe. Consider using strcpy_s instead. To disable deprecation, use _CRT_SECURE_NO_WARNINGS. See online help for details.
  c:\program files (x86)\windows kits\10\include\10.0.15063.0\ucrt\string.h(136): note: consulte a declaração de 'strcpy'
d:\desenvolvimento\visual studio projects\árvore b\candidatosvestibular\frec.c(112): warning C4996: 'strcpy': This function or variable may be unsafe. Consider using strcpy_s instead. To disable deprecation, use _CRT_SECURE_NO_WARNINGS. See online help for details.
  c:\program files (x86)\windows kits\10\include\10.0.15063.0\ucrt\string.h(136): note: consulte a declaração de 'strcpy'
d:\desenvolvimento\visual studio projects\árvore b\candidatosvestibular\frec.c(75): warning C4101: 'key': variável local não referenciada
d:\desenvolvimento\visual studio projects\árvore b\candidatosvestibular\frec.c(138): warning C4244: 'função': conversão de 'long' para 'short', possível perda de dados
d:\desenvolvimento\visual studio projects\árvore b\candidatosvestibular\frec.c(123): warning C4996: 'sprintf': This function or variable may be unsafe. Consider using sprintf_s instead. To disable deprecation, use _CRT_SECURE_NO_WARNINGS. See online help for details.
  c:\program files (x86)\windows kits\10\include\10.0.15063.0\ucrt\stdio.h(1772): note: consulte a declaração de 'sprintf'
d:\desenvolvimento\visual studio projects\árvore b\candidatosvestibular\frec.c(125): warning C4996: 'fopen': This function or variable may be unsafe. Consider using fopen_s instead. To disable deprecation, use _CRT_SECURE_NO_WARNINGS. See online help for details.
  c:\program files (x86)\windows kits\10\include\10.0.15063.0\ucrt\stdio.h(207): note: consulte a declaração de 'fopen'
d:\desenvolvimento\visual studio projects\árvore b\candidatosvestibular\frec.c(181): warning C4013: 'led_fit' indefinido; assumindo extern retornando int
d:\desenvolvimento\visual studio projects\árvore b\candidatosvestibular\frec.c(160): warning C4996: 'sprintf': This function or variable may be unsafe. Consider using sprintf_s instead. To disable deprecation, use _CRT_SECURE_NO_WARNINGS. See online help for details.
  c:\program files (x86)\windows kits\10\include\10.0.15063.0\ucrt\stdio.h(1772): note: consulte a declaração de 'sprintf'
d:\desenvolvimento\visual studio projects\árvore b\candidatosvestibular\frec.c(162): warning C4996: 'fopen': This function or variable may be unsafe. Consider using fopen_s instead. To disable deprecation, use _CRT_SECURE_NO_WARNINGS. See online help for details.
  c:\program files (x86)\windows kits\10\include\10.0.15063.0\ucrt\stdio.h(207): note: consulte a declaração de 'fopen'
d:\desenvolvimento\visual studio projects\árvore b\candidatosvestibular\frec.c(170): warning C4996: 'strcpy': This function or variable may be unsafe. Consider using strcpy_s instead. To disable deprecation, use _CRT_SECURE_NO_WARNINGS. See online help for details.
  c:\program files (x86)\windows kits\10\include\10.0.15063.0\ucrt\string.h(136): note: consulte a declaração de 'strcpy'
d:\desenvolvimento\visual studio projects\árvore b\candidatosvestibular\frec.c(171): warning C4996: 'strcpy': This function or variable may be unsafe. Consider using strcpy_s instead. To disable deprecation, use _CRT_SECURE_NO_WARNINGS. See online help for details.
  c:\program files (x86)\windows kits\10\include\10.0.15063.0\ucrt\string.h(136): note: consulte a declaração de 'strcpy'
d:\desenvolvimento\visual studio projects\árvore b\candidatosvestibular\frec.c(268): warning C4267: 'função': conversão de 'size_t' para 'long', possível perda de dados
d:\desenvolvimento\visual studio projects\árvore b\candidatosvestibular\frec.c(274): warning C4098: 'frec_print': função 'void' retornando um valor
d:\desenvolvimento\visual studio projects\árvore b\candidatosvestibular\frec.c(213): warning C4996: 'sprintf': This function or variable may be unsafe. Consider using sprintf_s instead. To disable deprecation, use _CRT_SECURE_NO_WARNINGS. See online help for details.
  c:\program files (x86)\windows kits\10\include\10.0.15063.0\ucrt\stdio.h(1772): note: consulte a declaração de 'sprintf'
d:\desenvolvimento\visual studio projects\árvore b\candidatosvestibular\frec.c(215): warning C4996: 'fopen': This function or variable may be unsafe. Consider using fopen_s instead. To disable deprecation, use _CRT_SECURE_NO_WARNINGS. See online help for details.
  c:\program files (x86)\windows kits\10\include\10.0.15063.0\ucrt\stdio.h(207): note: consulte a declaração de 'fopen'
d:\desenvolvimento\visual studio projects\árvore b\candidatosvestibular\frec.c(241): warning C4267: 'inicializando': conversão de 'size_t' para 'int', possível perda de dados
d:\desenvolvimento\visual studio projects\árvore b\candidatosvestibular\frec.c(252): warning C4996: 'strcpy': This function or variable may be unsafe. Consider using strcpy_s instead. To disable deprecation, use _CRT_SECURE_NO_WARNINGS. See online help for details.
  c:\program files (x86)\windows kits\10\include\10.0.15063.0\ucrt\string.h(136): note: consulte a declaração de 'strcpy'
d:\desenvolvimento\visual studio projects\árvore b\candidatosvestibular\frec.c(257): warning C4996: 'strcpy': This function or variable may be unsafe. Consider using strcpy_s instead. To disable deprecation, use _CRT_SECURE_NO_WARNINGS. See online help for details.
  c:\program files (x86)\windows kits\10\include\10.0.15063.0\ucrt\string.h(136): note: consulte a declaração de 'strcpy'
d:\desenvolvimento\visual studio projects\árvore b\candidatosvestibular\frec.c(235): warning C4101: 'key': variável local não referenciada
d:\desenvolvimento\visual studio projects\árvore b\candidatosvestibular\frec.c(305): warning C4146: operador menos unário aplicado a tipo unsigned, resultado permanece unsigned
d:\desenvolvimento\visual studio projects\árvore b\candidatosvestibular\frec.c(298): warning C4267: 'inicializando': conversão de 'size_t' para 'int', possível perda de dados
d:\desenvolvimento\visual studio projects\árvore b\candidatosvestibular\frec.c(286): warning C4101: 'rec': variável local não referenciada
d:\desenvolvimento\visual studio projects\árvore b\candidatosvestibular\frec.c(290): warning C4101: 'key': variável local não referenciada
d:\desenvolvimento\visual studio projects\árvore b\candidatosvestibular\frec.c(282): warning C4101: 'buffer': variável local não referenciada
d:\desenvolvimento\visual studio projects\árvore b\candidatosvestibular\frec.c(321): warning C4047: '==': 'char *' difere em níveis de indireção de 'int'
d:\desenvolvimento\visual studio projects\árvore b\candidatosvestibular\frec.c(345): warning C4047: 'return': 'char *' difere em níveis de indireção de 'int'
d:\desenvolvimento\visual studio projects\árvore b\candidatosvestibular\frec.c(407): warning C4013: 'time' indefinido; assumindo extern retornando int
d:\desenvolvimento\visual studio projects\árvore b\candidatosvestibular\frec.c(410): warning C4013: 'localtime' indefinido; assumindo extern retornando int
d:\desenvolvimento\visual studio projects\árvore b\candidatosvestibular\frec.c(410): warning C4047: '=': 'tm *' difere em níveis de indireção de 'int'
d:\desenvolvimento\visual studio projects\árvore b\candidatosvestibular\frec.c(413): warning C4013: 'strftime' indefinido; assumindo extern retornando int
d:\desenvolvimento\visual studio projects\árvore b\candidatosvestibular\frec.c(425): warning C4013: 'mktime' indefinido; assumindo extern retornando int
d:\desenvolvimento\visual studio projects\árvore b\candidatosvestibular\frec.c(415): warning C4996: 'sprintf': This function or variable may be unsafe. Consider using sprintf_s instead. To disable deprecation, use _CRT_SECURE_NO_WARNINGS. See online help for details.
  c:\program files (x86)\windows kits\10\include\10.0.15063.0\ucrt\stdio.h(1772): note: consulte a declaração de 'sprintf'
d:\desenvolvimento\visual studio projects\árvore b\candidatosvestibular\frec.c(428): error C2371: 'header_size': redefinição; tipos básicos diferentes
d:\desenvolvimento\visual studio projects\árvore b\candidatosvestibular\frec.c(444): warning C4267: 'função': conversão de 'size_t' para 'long', possível perda de dados
d:\desenvolvimento\visual studio projects\árvore b\candidatosvestibular\frec.c(436): warning C4996: 'sprintf': This function or variable may be unsafe. Consider using sprintf_s instead. To disable deprecation, use _CRT_SECURE_NO_WARNINGS. See online help for details.
  c:\program files (x86)\windows kits\10\include\10.0.15063.0\ucrt\stdio.h(1772): note: consulte a declaração de 'sprintf'
d:\desenvolvimento\visual studio projects\árvore b\candidatosvestibular\frec.c(439): warning C4996: 'fopen': This function or variable may be unsafe. Consider using fopen_s instead. To disable deprecation, use _CRT_SECURE_NO_WARNINGS. See online help for details.
  c:\program files (x86)\windows kits\10\include\10.0.15063.0\ucrt\stdio.h(207): note: consulte a declaração de 'fopen'
d:\desenvolvimento\visual studio projects\árvore b\candidatosvestibular\frec.c(466): warning C4267: 'função': conversão de 'size_t' para 'long', possível perda de dados
d:\desenvolvimento\visual studio projects\árvore b\candidatosvestibular\frec.c(459): warning C4996: 'sprintf': This function or variable may be unsafe. Consider using sprintf_s instead. To disable deprecation, use _CRT_SECURE_NO_WARNINGS. See online help for details.
  c:\program files (x86)\windows kits\10\include\10.0.15063.0\ucrt\stdio.h(1772): note: consulte a declaração de 'sprintf'
d:\desenvolvimento\visual studio projects\árvore b\candidatosvestibular\frec.c(461): warning C4996: 'fopen': This function or variable may be unsafe. Consider using fopen_s instead. To disable deprecation, use _CRT_SECURE_NO_WARNINGS. See online help for details.
  c:\program files (x86)\windows kits\10\include\10.0.15063.0\ucrt\stdio.h(207): note: consulte a declaração de 'fopen'
d:\desenvolvimento\visual studio projects\árvore b\candidatosvestibular\frec.c(478): warning C4996: 'sprintf': This function or variable may be unsafe. Consider using sprintf_s instead. To disable deprecation, use _CRT_SECURE_NO_WARNINGS. See online help for details.
  c:\program files (x86)\windows kits\10\include\10.0.15063.0\ucrt\stdio.h(1772): note: consulte a declaração de 'sprintf'
d:\desenvolvimento\visual studio projects\árvore b\candidatosvestibular\frec.c(480): warning C4996: 'fopen': This function or variable may be unsafe. Consider using fopen_s instead. To disable deprecation, use _CRT_SECURE_NO_WARNINGS. See online help for details.
  c:\program files (x86)\windows kits\10\include\10.0.15063.0\ucrt\stdio.h(207): note: consulte a declaração de 'fopen'
d:\desenvolvimento\visual studio projects\árvore b\candidatosvestibular\frec.c(517): warning C4996: 'sprintf': This function or variable may be unsafe. Consider using sprintf_s instead. To disable deprecation, use _CRT_SECURE_NO_WARNINGS. See online help for details.
  c:\program files (x86)\windows kits\10\include\10.0.15063.0\ucrt\stdio.h(1772): note: consulte a declaração de 'sprintf'
d:\desenvolvimento\visual studio projects\árvore b\candidatosvestibular\frec.c(519): warning C4996: 'fopen': This function or variable may be unsafe. Consider using fopen_s instead. To disable deprecation, use _CRT_SECURE_NO_WARNINGS. See online help for details.
  c:\program files (x86)\windows kits\10\include\10.0.15063.0\ucrt\stdio.h(207): note: consulte a declaração de 'fopen'
d:\desenvolvimento\visual studio projects\árvore b\candidatosvestibular\frec.c(555): warning C4996: 'sprintf': This function or variable may be unsafe. Consider using sprintf_s instead. To disable deprecation, use _CRT_SECURE_NO_WARNINGS. See online help for details.
  c:\program files (x86)\windows kits\10\include\10.0.15063.0\ucrt\stdio.h(1772): note: consulte a declaração de 'sprintf'
d:\desenvolvimento\visual studio projects\árvore b\candidatosvestibular\frec.c(557): warning C4996: 'fopen': This function or variable may be unsafe. Consider using fopen_s instead. To disable deprecation, use _CRT_SECURE_NO_WARNINGS. See online help for details.
  c:\program files (x86)\windows kits\10\include\10.0.15063.0\ucrt\stdio.h(207): note: consulte a declaração de 'fopen'
d:\desenvolvimento\visual studio projects\árvore b\candidatosvestibular\frec.c(614): warning C4146: operador menos unário aplicado a tipo unsigned, resultado permanece unsigned
d:\desenvolvimento\visual studio projects\árvore b\candidatosvestibular\frec.c(598): warning C4996: 'sprintf': This function or variable may be unsafe. Consider using sprintf_s instead. To disable deprecation, use _CRT_SECURE_NO_WARNINGS. See online help for details.
  c:\program files (x86)\windows kits\10\include\10.0.15063.0\ucrt\stdio.h(1772): note: consulte a declaração de 'sprintf'
d:\desenvolvimento\visual studio projects\árvore b\candidatosvestibular\frec.c(600): warning C4996: 'fopen': This function or variable may be unsafe. Consider using fopen_s instead. To disable deprecation, use _CRT_SECURE_NO_WARNINGS. See online help for details.
  c:\program files (x86)\windows kits\10\include\10.0.15063.0\ucrt\stdio.h(207): note: consulte a declaração de 'fopen'
  Gerando Código...
